2016-01-23 11:54:01,561 [INFO] from play.api.libs.concurrent.ActorSystemProvider in pool-4-thread-3 - Starting application default Akka system: application
2016-01-23 11:54:01,835 [INFO] from play.core.server.NettyServer$ in pool-4-thread-3 - Listening for HTTP on /0:0:0:0:0:0:0:0:9090
2016-01-23 11:54:48,779 [WARN] from application in ForkJoinPool-1-worker-1 - Logger configuration in conf files is deprecated and has no effect. Use a logback configuration file instead.
2016-01-23 11:54:52,477 [ERROR] from net.sf.ehcache.Cache in ForkJoinPool-1-worker-1 - Unable to set localhost. This prevents creation of a GUID. Cause was: bogdanpc: bogdanpc: unknown error
java.net.UnknownHostException: bogdanpc: bogdanpc: unknown error
	at java.net.InetAddress.getLocalHost(InetAddress.java:1505) ~[na:1.8.0_60]
	at net.sf.ehcache.Cache.<clinit>(Cache.java:214) ~[ehcache-core-2.6.11.jar:na]
	at net.sf.ehcache.config.ConfigurationHelper.createCache(ConfigurationHelper.java:296) [ehcache-core-2.6.11.jar:na]
	at net.sf.ehcache.config.ConfigurationHelper.createDefaultCache(ConfigurationHelper.java:219) [ehcache-core-2.6.11.jar:na]
	at net.sf.ehcache.CacheManager.configure(CacheManager.java:722) [ehcache-core-2.6.11.jar:na]
	at net.sf.ehcache.CacheManager.doInit(CacheManager.java:439) [ehcache-core-2.6.11.jar:na]
	at net.sf.ehcache.CacheManager.init(CacheManager.java:377) [ehcache-core-2.6.11.jar:na]
	at net.sf.ehcache.CacheManager.<init>(CacheManager.java:259) [ehcache-core-2.6.11.jar:na]
	at net.sf.ehcache.CacheManager.newInstance(CacheManager.java:1037) [ehcache-core-2.6.11.jar:na]
	at net.sf.ehcache.CacheManager.newInstance(CacheManager.java:936) [ehcache-core-2.6.11.jar:na]
	at net.sf.ehcache.CacheManager.create(CacheManager.java:904) [ehcache-core-2.6.11.jar:na]
	at play.api.cache.CacheManagerProvider.get$lzycompute(Cache.scala:202) [play-cache_2.11-2.4.0.jar:2.4.0]
	at play.api.cache.CacheManagerProvider.get(Cache.scala:199) [play-cache_2.11-2.4.0.jar:2.4.0]
	at play.api.cache.CacheManagerProvider.get(Cache.scala:198) [play-cache_2.11-2.4.0.jar:2.4.0]
	at com.google.inject.internal.ProviderInternalFactory.provision(ProviderInternalFactory.java:81) [guice-4.0.jar:na]
	at com.google.inject.internal.BoundProviderFactory.provision(BoundProviderFactory.java:72) [guice-4.0.jar:na]
	at com.google.inject.internal.ProviderInternalFactory.circularGet(ProviderInternalFactory.java:61) [guice-4.0.jar:na]
	at com.google.inject.internal.BoundProviderFactory.get(BoundProviderFactory.java:62) [guice-4.0.jar:na]
	at com.google.inject.internal.SingleFieldInjector.inject(SingleFieldInjector.java:54) [guice-4.0.jar:na]
	at com.google.inject.internal.MembersInjectorImpl.injectMembers(MembersInjectorImpl.java:132) [guice-4.0.jar:na]
	at com.google.inject.internal.MembersInjectorImpl$1.call(MembersInjectorImpl.java:93) [guice-4.0.jar:na]
	at com.google.inject.internal.MembersInjectorImpl$1.call(MembersInjectorImpl.java:80) [guice-4.0.jar:na]
	at com.google.inject.internal.InjectorImpl.callInContext(InjectorImpl.java:1103) [guice-4.0.jar:na]
	at com.google.inject.internal.MembersInjectorImpl.injectAndNotify(MembersInjectorImpl.java:80) [guice-4.0.jar:na]
	at com.google.inject.internal.MembersInjectorImpl.injectMembers(MembersInjectorImpl.java:62) [guice-4.0.jar:na]
	at com.google.inject.internal.InjectorImpl.injectMembers(InjectorImpl.java:984) [guice-4.0.jar:na]
	at com.google.inject.util.Providers$GuicifiedProviderWithDependencies.initialize(Providers.java:149) [guice-4.0.jar:na]
	at com.google.inject.util.Providers$GuicifiedProviderWithDependencies$$FastClassByGuice$$2a7177aa.invoke(<generated>) [guice-4.0.jar:na]
	at com.google.inject.internal.cglib.reflect.$FastMethod.invoke(FastMethod.java:53) [guice-4.0.jar:na]
	at com.google.inject.internal.SingleMethodInjector$1.invoke(SingleMethodInjector.java:57) [guice-4.0.jar:na]
	at com.google.inject.internal.SingleMethodInjector.inject(SingleMethodInjector.java:91) [guice-4.0.jar:na]
	at com.google.inject.internal.MembersInjectorImpl.injectMembers(MembersInjectorImpl.java:132) [guice-4.0.jar:na]
	at com.google.inject.internal.MembersInjectorImpl$1.call(MembersInjectorImpl.java:93) [guice-4.0.jar:na]
	at com.google.inject.internal.MembersInjectorImpl$1.call(MembersInjectorImpl.java:80) [guice-4.0.jar:na]
	at com.google.inject.internal.InjectorImpl.callInContext(InjectorImpl.java:1092) [guice-4.0.jar:na]
	at com.google.inject.internal.MembersInjectorImpl.injectAndNotify(MembersInjectorImpl.java:80) [guice-4.0.jar:na]
	at com.google.inject.internal.Initializer$InjectableReference.get(Initializer.java:174) [guice-4.0.jar:na]
	at com.google.inject.internal.Initializer.injectAll(Initializer.java:108) [guice-4.0.jar:na]
	at com.google.inject.internal.InternalInjectorCreator.injectDynamically(InternalInjectorCreator.java:174) [guice-4.0.jar:na]
	at com.google.inject.internal.InternalInjectorCreator.build(InternalInjectorCreator.java:110) [guice-4.0.jar:na]
	at com.google.inject.Guice.createInjector(Guice.java:96) [guice-4.0.jar:na]
	at com.google.inject.Guice.createInjector(Guice.java:73) [guice-4.0.jar:na]
	at com.google.inject.Guice.createInjector(Guice.java:62) [guice-4.0.jar:na]
	at play.api.inject.guice.GuiceBuilder.injector(GuiceInjectorBuilder.scala:126) [play_2.11-2.4.0.jar:2.4.0]
	at play.api.inject.guice.GuiceApplicationBuilder.build(GuiceApplicationBuilder.scala:93) [play_2.11-2.4.0.jar:2.4.0]
	at play.api.inject.guice.GuiceApplicationLoader.load(GuiceApplicationLoader.scala:21) [play_2.11-2.4.0.jar:2.4.0]
	at play.core.server.DevServerStart$$anonfun$mainDev$1$$anon$1$$anonfun$get$1$$anonfun$apply$1$$anonfun$1$$anonfun$2.apply(DevServerStart.scala:153) [play-server_2.11-2.4.0.jar:2.4.0]
	at play.core.server.DevServerStart$$anonfun$mainDev$1$$anon$1$$anonfun$get$1$$anonfun$apply$1$$anonfun$1$$anonfun$2.apply(DevServerStart.scala:150) [play-server_2.11-2.4.0.jar:2.4.0]
	at play.utils.Threads$.withContextClassLoader(Threads.scala:21) [play_2.11-2.4.0.jar:2.4.0]
	at play.core.server.DevServerStart$$anonfun$mainDev$1$$anon$1$$anonfun$get$1$$anonfun$apply$1$$anonfun$1.apply(DevServerStart.scala:150) [play-server_2.11-2.4.0.jar:2.4.0]
	at play.core.server.DevServerStart$$anonfun$mainDev$1$$anon$1$$anonfun$get$1$$anonfun$apply$1$$anonfun$1.apply(DevServerStart.scala:121) [play-server_2.11-2.4.0.jar:2.4.0]
	at scala.Option.map(Option.scala:146) [scala-library-2.11.6.jar:na]
	at play.core.server.DevServerStart$$anonfun$mainDev$1$$anon$1$$anonfun$get$1$$anonfun$apply$1.apply(DevServerStart.scala:121) [play-server_2.11-2.4.0.jar:2.4.0]
	at play.core.server.DevServerStart$$anonfun$mainDev$1$$anon$1$$anonfun$get$1$$anonfun$apply$1.apply(DevServerStart.scala:119) [play-server_2.11-2.4.0.jar:2.4.0]
	at scala.util.Success.flatMap(Try.scala:230) [scala-library-2.11.6.jar:na]
	at play.core.server.DevServerStart$$anonfun$mainDev$1$$anon$1$$anonfun$get$1.apply(DevServerStart.scala:119) [play-server_2.11-2.4.0.jar:2.4.0]
	at play.core.server.DevServerStart$$anonfun$mainDev$1$$anon$1$$anonfun$get$1.apply(DevServerStart.scala:111) [play-server_2.11-2.4.0.jar:2.4.0]
	at scala.concurrent.impl.Future$PromiseCompletingRunnable.liftedTree1$1(Future.scala:24) [scala-library-2.11.6.jar:na]
	at scala.concurrent.impl.Future$PromiseCompletingRunnable.run(Future.scala:24) [scala-library-2.11.6.jar:na]
	at java.util.concurrent.ForkJoinTask$RunnableExecuteAction.exec(ForkJoinTask.java:1402) [na:1.8.0_60]
	at java.util.concurrent.ForkJoinTask.doExec(ForkJoinTask.java:289) [na:1.8.0_60]
	at java.util.concurrent.ForkJoinPool$WorkQueue.runTask(ForkJoinPool.java:1056) [na:1.8.0_60]
	at java.util.concurrent.ForkJoinPool.runWorker(ForkJoinPool.java:1692) [na:1.8.0_60]
	at java.util.concurrent.ForkJoinWorkerThread.run(ForkJoinWorkerThread.java:157) [na:1.8.0_60]
Caused by: java.net.UnknownHostException: bogdanpc: unknown error
	at java.net.Inet6AddressImpl.lookupAllHostAddr(Native Method) ~[na:1.8.0_60]
	at java.net.InetAddress$2.lookupAllHostAddr(InetAddress.java:928) ~[na:1.8.0_60]
	at java.net.InetAddress.getAddressesFromNameService(InetAddress.java:1323) ~[na:1.8.0_60]
	at java.net.InetAddress.getLocalHost(InetAddress.java:1500) ~[na:1.8.0_60]
	... 63 common frames omitted
2016-01-23 11:54:52,616 [INFO] from play.api.libs.concurrent.ActorSystemProvider in ForkJoinPool-1-worker-1 - Starting application default Akka system: application
2016-01-23 11:54:53,631 [INFO] from play.api.Play$ in ForkJoinPool-1-worker-1 - Application started (Dev)
2016-01-23 11:57:57,963 [INFO] from play.api.libs.concurrent.ActorSystemProvider in application-akka.actor.default-dispatcher-18 - Shutdown application default Akka system: application
2016-01-23 11:57:58,236 [WARN] from application in application-akka.actor.default-dispatcher-14 - Logger configuration in conf files is deprecated and has no effect. Use a logback configuration file instead.
2016-01-23 11:57:58,473 [INFO] from play.api.libs.concurrent.ActorSystemProvider in application-akka.actor.default-dispatcher-14 - Starting application default Akka system: application
2016-01-23 11:57:58,802 [INFO] from play.api.Play$ in application-akka.actor.default-dispatcher-14 - Application started (Dev)
2016-01-23 12:02:16,991 [INFO] from play.api.libs.concurrent.ActorSystemProvider in application-akka.actor.default-dispatcher-10 - Shutdown application default Akka system: application
2016-01-23 12:02:17,189 [WARN] from application in application-akka.actor.default-dispatcher-6 - Logger configuration in conf files is deprecated and has no effect. Use a logback configuration file instead.
2016-01-23 12:02:17,474 [INFO] from play.api.libs.concurrent.ActorSystemProvider in application-akka.actor.default-dispatcher-6 - Starting application default Akka system: application
2016-01-23 12:02:17,663 [INFO] from play.api.Play$ in application-akka.actor.default-dispatcher-6 - Application started (Dev)
2016-01-23 12:03:34,152 [INFO] from play.api.libs.concurrent.ActorSystemProvider in application-akka.actor.default-dispatcher-8 - Shutdown application default Akka system: application
2016-01-23 12:03:34,312 [WARN] from application in application-akka.actor.default-dispatcher-5 - Logger configuration in conf files is deprecated and has no effect. Use a logback configuration file instead.
2016-01-23 12:03:34,637 [INFO] from play.api.libs.concurrent.ActorSystemProvider in application-akka.actor.default-dispatcher-5 - Starting application default Akka system: application
2016-01-23 12:03:34,804 [INFO] from play.api.Play$ in application-akka.actor.default-dispatcher-5 - Application started (Dev)
2016-01-23 12:05:30,758 [INFO] from play.api.libs.concurrent.ActorSystemProvider in application-akka.actor.default-dispatcher-8 - Shutdown application default Akka system: application
2016-01-23 12:05:30,897 [WARN] from application in application-akka.actor.default-dispatcher-5 - Logger configuration in conf files is deprecated and has no effect. Use a logback configuration file instead.
2016-01-23 12:05:31,184 [INFO] from play.api.libs.concurrent.ActorSystemProvider in application-akka.actor.default-dispatcher-5 - Starting application default Akka system: application
2016-01-23 12:05:31,335 [INFO] from play.api.Play$ in application-akka.actor.default-dispatcher-5 - Application started (Dev)
2016-01-23 12:08:22,523 [INFO] from play.api.libs.concurrent.ActorSystemProvider in application-akka.actor.default-dispatcher-12 - Shutdown application default Akka system: application
2016-01-23 12:08:22,635 [WARN] from application in application-akka.actor.default-dispatcher-5 - Logger configuration in conf files is deprecated and has no effect. Use a logback configuration file instead.
2016-01-23 12:08:22,856 [INFO] from play.api.libs.concurrent.ActorSystemProvider in application-akka.actor.default-dispatcher-5 - Starting application default Akka system: application
2016-01-23 12:08:23,099 [INFO] from play.api.Play$ in application-akka.actor.default-dispatcher-5 - Application started (Dev)
2016-01-23 12:13:53,612 [INFO] from play.api.libs.concurrent.ActorSystemProvider in application-akka.actor.default-dispatcher-15 - Shutdown application default Akka system: application
2016-01-23 12:13:53,757 [WARN] from application in application-akka.actor.default-dispatcher-13 - Logger configuration in conf files is deprecated and has no effect. Use a logback configuration file instead.
2016-01-23 12:13:53,988 [INFO] from play.api.libs.concurrent.ActorSystemProvider in application-akka.actor.default-dispatcher-13 - Starting application default Akka system: application
2016-01-23 12:13:54,181 [INFO] from play.api.Play$ in application-akka.actor.default-dispatcher-13 - Application started (Dev)
2016-01-23 12:14:28,647 [INFO] from play.api.libs.concurrent.ActorSystemProvider in application-akka.actor.default-dispatcher-3 - Shutdown application default Akka system: application
2016-01-23 12:14:28,758 [WARN] from application in application-akka.actor.default-dispatcher-4 - Logger configuration in conf files is deprecated and has no effect. Use a logback configuration file instead.
2016-01-23 12:14:28,885 [INFO] from play.api.libs.concurrent.ActorSystemProvider in application-akka.actor.default-dispatcher-4 - Starting application default Akka system: application
2016-01-23 12:14:29,036 [INFO] from play.api.Play$ in application-akka.actor.default-dispatcher-4 - Application started (Dev)
2016-01-23 12:18:14,026 [INFO] from play.api.libs.concurrent.ActorSystemProvider in application-akka.actor.default-dispatcher-8 - Shutdown application default Akka system: application
2016-01-23 12:18:14,146 [WARN] from application in application-akka.actor.default-dispatcher-2 - Logger configuration in conf files is deprecated and has no effect. Use a logback configuration file instead.
2016-01-23 12:18:14,294 [INFO] from play.api.libs.concurrent.ActorSystemProvider in application-akka.actor.default-dispatcher-2 - Starting application default Akka system: application
2016-01-23 12:18:14,429 [INFO] from play.api.Play$ in application-akka.actor.default-dispatcher-2 - Application started (Dev)
2016-01-23 12:22:00,499 [ERROR] from play.core.server.netty.PlayDefaultUpstreamHandler in New I/O worker #1 - Exception caught in Netty
java.lang.IllegalArgumentException: invalid version format: ￀+￀/￀
	at org.jboss.netty.handler.codec.http.HttpVersion.<init>(HttpVersion.java:94) ~[netty-3.10.3.Final.jar:na]
	at org.jboss.netty.handler.codec.http.HttpVersion.valueOf(HttpVersion.java:62) ~[netty-3.10.3.Final.jar:na]
	at org.jboss.netty.handler.codec.http.HttpRequestDecoder.createMessage(HttpRequestDecoder.java:75) ~[netty-3.10.3.Final.jar:na]
	at org.jboss.netty.handler.codec.http.HttpMessageDecoder.decode(HttpMessageDecoder.java:191) ~[netty-3.10.3.Final.jar:na]
	at org.jboss.netty.handler.codec.http.HttpMessageDecoder.decode(HttpMessageDecoder.java:102) ~[netty-3.10.3.Final.jar:na]
	at org.jboss.netty.handler.codec.replay.ReplayingDecoder.callDecode(ReplayingDecoder.java:500) ~[netty-3.10.3.Final.jar:na]
	at org.jboss.netty.handler.codec.replay.ReplayingDecoder.messageReceived(ReplayingDecoder.java:435) ~[netty-3.10.3.Final.jar:na]
	at org.jboss.netty.channel.SimpleChannelUpstreamHandler.handleUpstream(SimpleChannelUpstreamHandler.java:70) ~[netty-3.10.3.Final.jar:na]
	at org.jboss.netty.channel.DefaultChannelPipeline.sendUpstream(DefaultChannelPipeline.java:564) [netty-3.10.3.Final.jar:na]
	at org.jboss.netty.channel.DefaultChannelPipeline.sendUpstream(DefaultChannelPipeline.java:559) [netty-3.10.3.Final.jar:na]
	at org.jboss.netty.channel.Channels.fireMessageReceived(Channels.java:268) [netty-3.10.3.Final.jar:na]
	at org.jboss.netty.channel.Channels.fireMessageReceived(Channels.java:255) [netty-3.10.3.Final.jar:na]
	at org.jboss.netty.channel.socket.nio.NioWorker.read(NioWorker.java:88) [netty-3.10.3.Final.jar:na]
	at org.jboss.netty.channel.socket.nio.AbstractNioWorker.process(AbstractNioWorker.java:108) [netty-3.10.3.Final.jar:na]
	at org.jboss.netty.channel.socket.nio.AbstractNioSelector.run(AbstractNioSelector.java:337) [netty-3.10.3.Final.jar:na]
	at org.jboss.netty.channel.socket.nio.AbstractNioWorker.run(AbstractNioWorker.java:89) [netty-3.10.3.Final.jar:na]
	at org.jboss.netty.channel.socket.nio.NioWorker.run(NioWorker.java:178) [netty-3.10.3.Final.jar:na]
	at org.jboss.netty.util.ThreadRenamingRunnable.run(ThreadRenamingRunnable.java:108) [netty-3.10.3.Final.jar:na]
	at org.jboss.netty.util.internal.DeadLockProofWorker$1.run(DeadLockProofWorker.java:42) [netty-3.10.3.Final.jar:na]
	at java.util.concurrent.ThreadPoolExecutor.runWorker(ThreadPoolExecutor.java:1142) [na:1.8.0_60]
	at java.util.concurrent.ThreadPoolExecutor$Worker.run(ThreadPoolExecutor.java:617) [na:1.8.0_60]
	at java.lang.Thread.run(Thread.java:745) [na:1.8.0_60]
2016-01-23 12:22:00,512 [ERROR] from play.core.server.netty.PlayDefaultUpstreamHandler in New I/O worker #2 - Exception caught in Netty
java.lang.IllegalArgumentException: empty text
	at org.jboss.netty.handler.codec.http.HttpVersion.<init>(HttpVersion.java:89) ~[netty-3.10.3.Final.jar:na]
	at org.jboss.netty.handler.codec.http.HttpVersion.valueOf(HttpVersion.java:62) ~[netty-3.10.3.Final.jar:na]
	at org.jboss.netty.handler.codec.http.HttpRequestDecoder.createMessage(HttpRequestDecoder.java:75) ~[netty-3.10.3.Final.jar:na]
	at org.jboss.netty.handler.codec.http.HttpMessageDecoder.decode(HttpMessageDecoder.java:191) ~[netty-3.10.3.Final.jar:na]
	at org.jboss.netty.handler.codec.http.HttpMessageDecoder.decode(HttpMessageDecoder.java:102) ~[netty-3.10.3.Final.jar:na]
	at org.jboss.netty.handler.codec.replay.ReplayingDecoder.callDecode(ReplayingDecoder.java:500) ~[netty-3.10.3.Final.jar:na]
	at org.jboss.netty.handler.codec.replay.ReplayingDecoder.messageReceived(ReplayingDecoder.java:435) ~[netty-3.10.3.Final.jar:na]
	at org.jboss.netty.channel.SimpleChannelUpstreamHandler.handleUpstream(SimpleChannelUpstreamHandler.java:70) ~[netty-3.10.3.Final.jar:na]
	at org.jboss.netty.channel.DefaultChannelPipeline.sendUpstream(DefaultChannelPipeline.java:564) [netty-3.10.3.Final.jar:na]
	at org.jboss.netty.channel.DefaultChannelPipeline.sendUpstream(DefaultChannelPipeline.java:559) [netty-3.10.3.Final.jar:na]
	at org.jboss.netty.channel.Channels.fireMessageReceived(Channels.java:268) [netty-3.10.3.Final.jar:na]
	at org.jboss.netty.channel.Channels.fireMessageReceived(Channels.java:255) [netty-3.10.3.Final.jar:na]
	at org.jboss.netty.channel.socket.nio.NioWorker.read(NioWorker.java:88) [netty-3.10.3.Final.jar:na]
	at org.jboss.netty.channel.socket.nio.AbstractNioWorker.process(AbstractNioWorker.java:108) [netty-3.10.3.Final.jar:na]
	at org.jboss.netty.channel.socket.nio.AbstractNioSelector.run(AbstractNioSelector.java:337) [netty-3.10.3.Final.jar:na]
	at org.jboss.netty.channel.socket.nio.AbstractNioWorker.run(AbstractNioWorker.java:89) [netty-3.10.3.Final.jar:na]
	at org.jboss.netty.channel.socket.nio.NioWorker.run(NioWorker.java:178) [netty-3.10.3.Final.jar:na]
	at org.jboss.netty.util.ThreadRenamingRunnable.run(ThreadRenamingRunnable.java:108) [netty-3.10.3.Final.jar:na]
	at org.jboss.netty.util.internal.DeadLockProofWorker$1.run(DeadLockProofWorker.java:42) [netty-3.10.3.Final.jar:na]
	at java.util.concurrent.ThreadPoolExecutor.runWorker(ThreadPoolExecutor.java:1142) [na:1.8.0_60]
	at java.util.concurrent.ThreadPoolExecutor$Worker.run(ThreadPoolExecutor.java:617) [na:1.8.0_60]
	at java.lang.Thread.run(Thread.java:745) [na:1.8.0_60]
2016-01-23 12:22:00,514 [ERROR] from play.core.server.netty.PlayDefaultUpstreamHandler in New I/O worker #2 - Exception caught in Netty
java.lang.IllegalArgumentException: empty text
	at org.jboss.netty.handler.codec.http.HttpVersion.<init>(HttpVersion.java:89) ~[netty-3.10.3.Final.jar:na]
	at org.jboss.netty.handler.codec.http.HttpVersion.valueOf(HttpVersion.java:62) ~[netty-3.10.3.Final.jar:na]
	at org.jboss.netty.handler.codec.http.HttpRequestDecoder.createMessage(HttpRequestDecoder.java:75) ~[netty-3.10.3.Final.jar:na]
	at org.jboss.netty.handler.codec.http.HttpMessageDecoder.decode(HttpMessageDecoder.java:191) ~[netty-3.10.3.Final.jar:na]
	at org.jboss.netty.handler.codec.http.HttpMessageDecoder.decode(HttpMessageDecoder.java:102) ~[netty-3.10.3.Final.jar:na]
	at org.jboss.netty.handler.codec.replay.ReplayingDecoder.callDecode(ReplayingDecoder.java:500) ~[netty-3.10.3.Final.jar:na]
	at org.jboss.netty.handler.codec.replay.ReplayingDecoder.cleanup(ReplayingDecoder.java:554) ~[netty-3.10.3.Final.jar:na]
	at org.jboss.netty.handler.codec.frame.FrameDecoder.channelDisconnected(FrameDecoder.java:365) [netty-3.10.3.Final.jar:na]
	at org.jboss.netty.channel.SimpleChannelUpstreamHandler.handleUpstream(SimpleChannelUpstreamHandler.java:102) [netty-3.10.3.Final.jar:na]
	at org.jboss.netty.channel.DefaultChannelPipeline.sendUpstream(DefaultChannelPipeline.java:564) [netty-3.10.3.Final.jar:na]
	at org.jboss.netty.channel.DefaultChannelPipeline.sendUpstream(DefaultChannelPipeline.java:559) [netty-3.10.3.Final.jar:na]
	at org.jboss.netty.channel.Channels.fireChannelDisconnected(Channels.java:396) [netty-3.10.3.Final.jar:na]
	at org.jboss.netty.channel.socket.nio.AbstractNioWorker.close(AbstractNioWorker.java:360) [netty-3.10.3.Final.jar:na]
	at org.jboss.netty.channel.socket.nio.NioServerSocketPipelineSink.handleAcceptedSocket(NioServerSocketPipelineSink.java:81) [netty-3.10.3.Final.jar:na]
	at org.jboss.netty.channel.socket.nio.NioServerSocketPipelineSink.eventSunk(NioServerSocketPipelineSink.java:36) [netty-3.10.3.Final.jar:na]
	at org.jboss.netty.channel.DefaultChannelPipeline$DefaultChannelHandlerContext.sendDownstream(DefaultChannelPipeline.java:779) [netty-3.10.3.Final.jar:na]
	at org.jboss.netty.handler.codec.oneone.OneToOneEncoder.handleDownstream(OneToOneEncoder.java:54) [netty-3.10.3.Final.jar:na]
	at org.jboss.netty.channel.DefaultChannelPipeline.sendDownstream(DefaultChannelPipeline.java:591) [netty-3.10.3.Final.jar:na]
	at org.jboss.netty.channel.DefaultChannelPipeline$DefaultChannelHandlerContext.sendDownstream(DefaultChannelPipeline.java:784) [netty-3.10.3.Final.jar:na]
	at org.jboss.netty.channel.SimpleChannelHandler.closeRequested(SimpleChannelHandler.java:334) [netty-3.10.3.Final.jar:na]
	at org.jboss.netty.channel.SimpleChannelHandler.handleDownstream(SimpleChannelHandler.java:260) [netty-3.10.3.Final.jar:na]
	at com.typesafe.netty.http.pipelining.HttpPipeliningHandler.handleDownstream(HttpPipeliningHandler.java:106) [netty-http-pipelining-1.1.4.jar:na]
	at org.jboss.netty.channel.DefaultChannelPipeline.sendDownstream(DefaultChannelPipeline.java:591) [netty-3.10.3.Final.jar:na]
	at org.jboss.netty.channel.DefaultChannelPipeline.sendDownstream(DefaultChannelPipeline.java:582) [netty-3.10.3.Final.jar:na]
	at org.jboss.netty.channel.Channels.close(Channels.java:812) [netty-3.10.3.Final.jar:na]
	at org.jboss.netty.channel.AbstractChannel.close(AbstractChannel.java:206) [netty-3.10.3.Final.jar:na]
	at play.core.server.netty.PlayDefaultUpstreamHandler.exceptionCaught(PlayDefaultUpstreamHandler.scala:66) [play-netty-server_2.11-2.4.0.jar:2.4.0]
	at org.jboss.netty.channel.SimpleChannelUpstreamHandler.handleUpstream(SimpleChannelUpstreamHandler.java:112) [netty-3.10.3.Final.jar:na]
	at org.jboss.netty.channel.DefaultChannelPipeline.sendUpstream(DefaultChannelPipeline.java:564) [netty-3.10.3.Final.jar:na]
	at org.jboss.netty.channel.DefaultChannelPipeline$DefaultChannelHandlerContext.sendUpstream(DefaultChannelPipeline.java:791) [netty-3.10.3.Final.jar:na]
	at org.jboss.netty.channel.SimpleChannelHandler.exceptionCaught(SimpleChannelHandler.java:156) [netty-3.10.3.Final.jar:na]
	at org.jboss.netty.channel.SimpleChannelHandler.handleUpstream(SimpleChannelHandler.java:130) [netty-3.10.3.Final.jar:na]
	at org.jboss.netty.channel.DefaultChannelPipeline.sendUpstream(DefaultChannelPipeline.java:564) [netty-3.10.3.Final.jar:na]
	at org.jboss.netty.channel.DefaultChannelPipeline$DefaultChannelHandlerContext.sendUpstream(DefaultChannelPipeline.java:791) [netty-3.10.3.Final.jar:na]
	at org.jboss.netty.channel.SimpleChannelUpstreamHandler.exceptionCaught(SimpleChannelUpstreamHandler.java:153) [netty-3.10.3.Final.jar:na]
	at org.jboss.netty.channel.SimpleChannelUpstreamHandler.handleUpstream(SimpleChannelUpstreamHandler.java:112) [netty-3.10.3.Final.jar:na]
	at org.jboss.netty.channel.DefaultChannelPipeline.sendUpstream(DefaultChannelPipeline.java:564) [netty-3.10.3.Final.jar:na]
	at org.jboss.netty.channel.DefaultChannelPipeline$DefaultChannelHandlerContext.sendUpstream(DefaultChannelPipeline.java:791) [netty-3.10.3.Final.jar:na]
	at org.jboss.netty.handler.codec.frame.FrameDecoder.exceptionCaught(FrameDecoder.java:377) [netty-3.10.3.Final.jar:na]
	at org.jboss.netty.channel.SimpleChannelUpstreamHandler.handleUpstream(SimpleChannelUpstreamHandler.java:112) [netty-3.10.3.Final.jar:na]
	at org.jboss.netty.channel.DefaultChannelPipeline.sendUpstream(DefaultChannelPipeline.java:564) [netty-3.10.3.Final.jar:na]
	at org.jboss.netty.channel.DefaultChannelPipeline.sendUpstream(DefaultChannelPipeline.java:559) [netty-3.10.3.Final.jar:na]
	at org.jboss.netty.channel.Channels.fireExceptionCaught(Channels.java:525) [netty-3.10.3.Final.jar:na]
	at org.jboss.netty.channel.AbstractChannelSink.exceptionCaught(AbstractChannelSink.java:48) [netty-3.10.3.Final.jar:na]
	at org.jboss.netty.channel.DefaultChannelPipeline.notifyHandlerException(DefaultChannelPipeline.java:658) [netty-3.10.3.Final.jar:na]
	at org.jboss.netty.channel.DefaultChannelPipeline.sendUpstream(DefaultChannelPipeline.java:566) [netty-3.10.3.Final.jar:na]
	at org.jboss.netty.channel.DefaultChannelPipeline.sendUpstream(DefaultChannelPipeline.java:559) [netty-3.10.3.Final.jar:na]
	at org.jboss.netty.channel.Channels.fireMessageReceived(Channels.java:268) [netty-3.10.3.Final.jar:na]
	at org.jboss.netty.channel.Channels.fireMessageReceived(Channels.java:255) [netty-3.10.3.Final.jar:na]
	at org.jboss.netty.channel.socket.nio.NioWorker.read(NioWorker.java:88) [netty-3.10.3.Final.jar:na]
	at org.jboss.netty.channel.socket.nio.AbstractNioWorker.process(AbstractNioWorker.java:108) [netty-3.10.3.Final.jar:na]
	at org.jboss.netty.channel.socket.nio.AbstractNioSelector.run(AbstractNioSelector.java:337) [netty-3.10.3.Final.jar:na]
	at org.jboss.netty.channel.socket.nio.AbstractNioWorker.run(AbstractNioWorker.java:89) [netty-3.10.3.Final.jar:na]
	at org.jboss.netty.channel.socket.nio.NioWorker.run(NioWorker.java:178) [netty-3.10.3.Final.jar:na]
	at org.jboss.netty.util.ThreadRenamingRunnable.run(ThreadRenamingRunnable.java:108) [netty-3.10.3.Final.jar:na]
	at org.jboss.netty.util.internal.DeadLockProofWorker$1.run(DeadLockProofWorker.java:42) [netty-3.10.3.Final.jar:na]
	at java.util.concurrent.ThreadPoolExecutor.runWorker(ThreadPoolExecutor.java:1142) [na:1.8.0_60]
	at java.util.concurrent.ThreadPoolExecutor$Worker.run(ThreadPoolExecutor.java:617) [na:1.8.0_60]
	at java.lang.Thread.run(Thread.java:745) [na:1.8.0_60]
2016-01-23 12:22:00,516 [ERROR] from play.core.server.netty.PlayDefaultUpstreamHandler in New I/O worker #1 - Exception caught in Netty
java.lang.IllegalArgumentException: invalid version format: ￀+￀/￀
	at org.jboss.netty.handler.codec.http.HttpVersion.<init>(HttpVersion.java:94) ~[netty-3.10.3.Final.jar:na]
	at org.jboss.netty.handler.codec.http.HttpVersion.valueOf(HttpVersion.java:62) ~[netty-3.10.3.Final.jar:na]
	at org.jboss.netty.handler.codec.http.HttpRequestDecoder.createMessage(HttpRequestDecoder.java:75) ~[netty-3.10.3.Final.jar:na]
	at org.jboss.netty.handler.codec.http.HttpMessageDecoder.decode(HttpMessageDecoder.java:191) ~[netty-3.10.3.Final.jar:na]
	at org.jboss.netty.handler.codec.http.HttpMessageDecoder.decode(HttpMessageDecoder.java:102) ~[netty-3.10.3.Final.jar:na]
	at org.jboss.netty.handler.codec.replay.ReplayingDecoder.callDecode(ReplayingDecoder.java:500) ~[netty-3.10.3.Final.jar:na]
	at org.jboss.netty.handler.codec.replay.ReplayingDecoder.cleanup(ReplayingDecoder.java:554) ~[netty-3.10.3.Final.jar:na]
	at org.jboss.netty.handler.codec.frame.FrameDecoder.channelDisconnected(FrameDecoder.java:365) [netty-3.10.3.Final.jar:na]
	at org.jboss.netty.channel.SimpleChannelUpstreamHandler.handleUpstream(SimpleChannelUpstreamHandler.java:102) [netty-3.10.3.Final.jar:na]
	at org.jboss.netty.channel.DefaultChannelPipeline.sendUpstream(DefaultChannelPipeline.java:564) [netty-3.10.3.Final.jar:na]
	at org.jboss.netty.channel.DefaultChannelPipeline.sendUpstream(DefaultChannelPipeline.java:559) [netty-3.10.3.Final.jar:na]
	at org.jboss.netty.channel.Channels.fireChannelDisconnected(Channels.java:396) [netty-3.10.3.Final.jar:na]
	at org.jboss.netty.channel.socket.nio.AbstractNioWorker.close(AbstractNioWorker.java:360) [netty-3.10.3.Final.jar:na]
	at org.jboss.netty.channel.socket.nio.NioServerSocketPipelineSink.handleAcceptedSocket(NioServerSocketPipelineSink.java:81) [netty-3.10.3.Final.jar:na]
	at org.jboss.netty.channel.socket.nio.NioServerSocketPipelineSink.eventSunk(NioServerSocketPipelineSink.java:36) [netty-3.10.3.Final.jar:na]
	at org.jboss.netty.channel.DefaultChannelPipeline$DefaultChannelHandlerContext.sendDownstream(DefaultChannelPipeline.java:779) [netty-3.10.3.Final.jar:na]
	at org.jboss.netty.handler.codec.oneone.OneToOneEncoder.handleDownstream(OneToOneEncoder.java:54) [netty-3.10.3.Final.jar:na]
	at org.jboss.netty.channel.DefaultChannelPipeline.sendDownstream(DefaultChannelPipeline.java:591) [netty-3.10.3.Final.jar:na]
	at org.jboss.netty.channel.DefaultChannelPipeline$DefaultChannelHandlerContext.sendDownstream(DefaultChannelPipeline.java:784) [netty-3.10.3.Final.jar:na]
	at org.jboss.netty.channel.SimpleChannelHandler.closeRequested(SimpleChannelHandler.java:334) [netty-3.10.3.Final.jar:na]
	at org.jboss.netty.channel.SimpleChannelHandler.handleDownstream(SimpleChannelHandler.java:260) [netty-3.10.3.Final.jar:na]
	at com.typesafe.netty.http.pipelining.HttpPipeliningHandler.handleDownstream(HttpPipeliningHandler.java:106) [netty-http-pipelining-1.1.4.jar:na]
	at org.jboss.netty.channel.DefaultChannelPipeline.sendDownstream(DefaultChannelPipeline.java:591) [netty-3.10.3.Final.jar:na]
	at org.jboss.netty.channel.DefaultChannelPipeline.sendDownstream(DefaultChannelPipeline.java:582) [netty-3.10.3.Final.jar:na]
	at org.jboss.netty.channel.Channels.close(Channels.java:812) [netty-3.10.3.Final.jar:na]
	at org.jboss.netty.channel.AbstractChannel.close(AbstractChannel.java:206) [netty-3.10.3.Final.jar:na]
	at play.core.server.netty.PlayDefaultUpstreamHandler.exceptionCaught(PlayDefaultUpstreamHandler.scala:66) [play-netty-server_2.11-2.4.0.jar:2.4.0]
	at org.jboss.netty.channel.SimpleChannelUpstreamHandler.handleUpstream(SimpleChannelUpstreamHandler.java:112) [netty-3.10.3.Final.jar:na]
	at org.jboss.netty.channel.DefaultChannelPipeline.sendUpstream(DefaultChannelPipeline.java:564) [netty-3.10.3.Final.jar:na]
	at org.jboss.netty.channel.DefaultChannelPipeline$DefaultChannelHandlerContext.sendUpstream(DefaultChannelPipeline.java:791) [netty-3.10.3.Final.jar:na]
	at org.jboss.netty.channel.SimpleChannelHandler.exceptionCaught(SimpleChannelHandler.java:156) [netty-3.10.3.Final.jar:na]
	at org.jboss.netty.channel.SimpleChannelHandler.handleUpstream(SimpleChannelHandler.java:130) [netty-3.10.3.Final.jar:na]
	at org.jboss.netty.channel.DefaultChannelPipeline.sendUpstream(DefaultChannelPipeline.java:564) [netty-3.10.3.Final.jar:na]
	at org.jboss.netty.channel.DefaultChannelPipeline$DefaultChannelHandlerContext.sendUpstream(DefaultChannelPipeline.java:791) [netty-3.10.3.Final.jar:na]
	at org.jboss.netty.channel.SimpleChannelUpstreamHandler.exceptionCaught(SimpleChannelUpstreamHandler.java:153) [netty-3.10.3.Final.jar:na]
	at org.jboss.netty.channel.SimpleChannelUpstreamHandler.handleUpstream(SimpleChannelUpstreamHandler.java:112) [netty-3.10.3.Final.jar:na]
	at org.jboss.netty.channel.DefaultChannelPipeline.sendUpstream(DefaultChannelPipeline.java:564) [netty-3.10.3.Final.jar:na]
	at org.jboss.netty.channel.DefaultChannelPipeline$DefaultChannelHandlerContext.sendUpstream(DefaultChannelPipeline.java:791) [netty-3.10.3.Final.jar:na]
	at org.jboss.netty.handler.codec.frame.FrameDecoder.exceptionCaught(FrameDecoder.java:377) [netty-3.10.3.Final.jar:na]
	at org.jboss.netty.channel.SimpleChannelUpstreamHandler.handleUpstream(SimpleChannelUpstreamHandler.java:112) [netty-3.10.3.Final.jar:na]
	at org.jboss.netty.channel.DefaultChannelPipeline.sendUpstream(DefaultChannelPipeline.java:564) [netty-3.10.3.Final.jar:na]
	at org.jboss.netty.channel.DefaultChannelPipeline.sendUpstream(DefaultChannelPipeline.java:559) [netty-3.10.3.Final.jar:na]
	at org.jboss.netty.channel.Channels.fireExceptionCaught(Channels.java:525) [netty-3.10.3.Final.jar:na]
	at org.jboss.netty.channel.AbstractChannelSink.exceptionCaught(AbstractChannelSink.java:48) [netty-3.10.3.Final.jar:na]
	at org.jboss.netty.channel.DefaultChannelPipeline.notifyHandlerException(DefaultChannelPipeline.java:658) [netty-3.10.3.Final.jar:na]
	at org.jboss.netty.channel.DefaultChannelPipeline.sendUpstream(DefaultChannelPipeline.java:566) [netty-3.10.3.Final.jar:na]
	at org.jboss.netty.channel.DefaultChannelPipeline.sendUpstream(DefaultChannelPipeline.java:559) [netty-3.10.3.Final.jar:na]
	at org.jboss.netty.channel.Channels.fireMessageReceived(Channels.java:268) [netty-3.10.3.Final.jar:na]
	at org.jboss.netty.channel.Channels.fireMessageReceived(Channels.java:255) [netty-3.10.3.Final.jar:na]
	at org.jboss.netty.channel.socket.nio.NioWorker.read(NioWorker.java:88) [netty-3.10.3.Final.jar:na]
	at org.jboss.netty.channel.socket.nio.AbstractNioWorker.process(AbstractNioWorker.java:108) [netty-3.10.3.Final.jar:na]
	at org.jboss.netty.channel.socket.nio.AbstractNioSelector.run(AbstractNioSelector.java:337) [netty-3.10.3.Final.jar:na]
	at org.jboss.netty.channel.socket.nio.AbstractNioWorker.run(AbstractNioWorker.java:89) [netty-3.10.3.Final.jar:na]
	at org.jboss.netty.channel.socket.nio.NioWorker.run(NioWorker.java:178) [netty-3.10.3.Final.jar:na]
	at org.jboss.netty.util.ThreadRenamingRunnable.run(ThreadRenamingRunnable.java:108) [netty-3.10.3.Final.jar:na]
	at org.jboss.netty.util.internal.DeadLockProofWorker$1.run(DeadLockProofWorker.java:42) [netty-3.10.3.Final.jar:na]
	at java.util.concurrent.ThreadPoolExecutor.runWorker(ThreadPoolExecutor.java:1142) [na:1.8.0_60]
	at java.util.concurrent.ThreadPoolExecutor$Worker.run(ThreadPoolExecutor.java:617) [na:1.8.0_60]
	at java.lang.Thread.run(Thread.java:745) [na:1.8.0_60]
2016-01-23 12:26:40,561 [INFO] from play.api.libs.concurrent.ActorSystemProvider in application-akka.actor.default-dispatcher-33 - Shutdown application default Akka system: application
2016-01-23 12:26:40,687 [WARN] from application in application-akka.actor.default-dispatcher-25 - Logger configuration in conf files is deprecated and has no effect. Use a logback configuration file instead.
2016-01-23 12:26:40,773 [INFO] from play.api.libs.concurrent.ActorSystemProvider in application-akka.actor.default-dispatcher-25 - Starting application default Akka system: application
2016-01-23 12:26:40,907 [INFO] from play.api.Play$ in application-akka.actor.default-dispatcher-25 - Application started (Dev)
2016-01-23 12:39:10,533 [INFO] from play.api.libs.concurrent.ActorSystemProvider in application-akka.actor.default-dispatcher-16 - Shutdown application default Akka system: application
2016-01-23 12:39:10,641 [WARN] from application in application-akka.actor.default-dispatcher-15 - Logger configuration in conf files is deprecated and has no effect. Use a logback configuration file instead.
2016-01-23 12:39:10,865 [INFO] from play.api.libs.concurrent.ActorSystemProvider in application-akka.actor.default-dispatcher-15 - Starting application default Akka system: application
2016-01-23 12:39:11,034 [INFO] from play.api.Play$ in application-akka.actor.default-dispatcher-15 - Application started (Dev)
2016-01-23 12:56:18,781 [INFO] from play.api.libs.concurrent.ActorSystemProvider in application-akka.actor.default-dispatcher-16 - Shutdown application default Akka system: application
2016-01-23 12:56:18,899 [WARN] from application in application-akka.actor.default-dispatcher-3 - Logger configuration in conf files is deprecated and has no effect. Use a logback configuration file instead.
2016-01-23 12:56:19,166 [INFO] from play.api.libs.concurrent.ActorSystemProvider in application-akka.actor.default-dispatcher-3 - Starting application default Akka system: application
2016-01-23 12:56:19,346 [INFO] from play.api.Play$ in application-akka.actor.default-dispatcher-3 - Application started (Dev)
2016-01-23 13:01:17,487 [INFO] from play.api.libs.concurrent.ActorSystemProvider in application-akka.actor.default-dispatcher-2 - Shutdown application default Akka system: application
2016-01-23 13:01:17,582 [WARN] from application in application-akka.actor.default-dispatcher-2 - Logger configuration in conf files is deprecated and has no effect. Use a logback configuration file instead.
2016-01-23 13:01:17,769 [INFO] from play.api.libs.concurrent.ActorSystemProvider in application-akka.actor.default-dispatcher-2 - Starting application default Akka system: application
2016-01-23 13:01:17,872 [INFO] from play.api.Play$ in application-akka.actor.default-dispatcher-2 - Application started (Dev)
2016-01-23 13:02:13,029 [INFO] from play.api.libs.concurrent.ActorSystemProvider in application-akka.actor.default-dispatcher-5 - Shutdown application default Akka system: application
2016-01-23 13:02:13,182 [WARN] from application in application-akka.actor.default-dispatcher-4 - Logger configuration in conf files is deprecated and has no effect. Use a logback configuration file instead.
2016-01-23 13:02:13,334 [INFO] from play.api.libs.concurrent.ActorSystemProvider in application-akka.actor.default-dispatcher-4 - Starting application default Akka system: application
2016-01-23 13:02:13,447 [INFO] from play.api.Play$ in application-akka.actor.default-dispatcher-4 - Application started (Dev)
2016-01-23 13:03:56,397 [ERROR] from application in New I/O worker #3 - 

! @6op873bbi - Internal server error, for (GET) [/contact] ->
 
play.sbt.PlayExceptions$CompilationException: Compilation error[not found: value example]
	at play.sbt.PlayExceptions$CompilationException$.apply(PlayExceptions.scala:27) ~[na:na]
	at play.sbt.PlayExceptions$CompilationException$.apply(PlayExceptions.scala:27) ~[na:na]
	at scala.Option.map(Option.scala:145) ~[scala-library-2.11.6.jar:na]
	at play.sbt.run.PlayReload$$anonfun$taskFailureHandler$1.apply(PlayReload.scala:49) ~[na:na]
	at play.sbt.run.PlayReload$$anonfun$taskFailureHandler$1.apply(PlayReload.scala:44) ~[na:na]
	at scala.Option.map(Option.scala:145) ~[scala-library-2.11.6.jar:na]
	at play.sbt.run.PlayReload$.taskFailureHandler(PlayReload.scala:44) ~[na:na]
	at play.sbt.run.PlayReload$.compileFailure(PlayReload.scala:40) ~[na:na]
	at play.sbt.run.PlayReload$$anonfun$compile$1.apply(PlayReload.scala:17) ~[na:na]
	at play.sbt.run.PlayReload$$anonfun$compile$1.apply(PlayReload.scala:17) ~[na:na]
	at scala.util.Either$LeftProjection.map(Either.scala:377) ~[scala-library-2.11.6.jar:na]
	at play.sbt.run.PlayReload$.compile(PlayReload.scala:17) ~[na:na]
	at play.sbt.run.PlayRun$$anonfun$playRunTask$1$$anonfun$apply$2$$anonfun$apply$3$$anonfun$2.apply(PlayRun.scala:60) ~[na:na]
	at play.sbt.run.PlayRun$$anonfun$playRunTask$1$$anonfun$apply$2$$anonfun$apply$3$$anonfun$2.apply(PlayRun.scala:60) ~[na:na]
	at play.runsupport.Reloader.reload(Reloader.scala:305) ~[na:na]
	at play.core.server.DevServerStart$$anonfun$mainDev$1$$anon$1$$anonfun$get$1.apply(DevServerStart.scala:113) ~[play-server_2.11-2.4.0.jar:2.4.0]
	at play.core.server.DevServerStart$$anonfun$mainDev$1$$anon$1$$anonfun$get$1.apply(DevServerStart.scala:111) ~[play-server_2.11-2.4.0.jar:2.4.0]
	at scala.concurrent.impl.Future$PromiseCompletingRunnable.liftedTree1$1(Future.scala:24) ~[scala-library-2.11.6.jar:na]
	at scala.concurrent.impl.Future$PromiseCompletingRunnable.run(Future.scala:24) ~[scala-library-2.11.6.jar:na]
	at akka.dispatch.TaskInvocation.run(AbstractDispatcher.scala:40) ~[akka-actor_2.11-2.3.11.jar:na]
	at akka.dispatch.ForkJoinExecutorConfigurator$AkkaForkJoinTask.exec(AbstractDispatcher.scala:397) ~[akka-actor_2.11-2.3.11.jar:na]
	at scala.concurrent.forkjoin.ForkJoinTask.doExec(ForkJoinTask.java:260) ~[scala-library-2.11.6.jar:na]
	at scala.concurrent.forkjoin.ForkJoinPool$WorkQueue.runTask(ForkJoinPool.java:1339) ~[scala-library-2.11.6.jar:na]
	at scala.concurrent.forkjoin.ForkJoinPool.runWorker(ForkJoinPool.java:1979) ~[scala-library-2.11.6.jar:na]
	at scala.concurrent.forkjoin.ForkJoinWorkerThread.run(ForkJoinWorkerThread.java:107) ~[scala-library-2.11.6.jar:na]
2016-01-23 13:04:17,080 [INFO] from play.api.libs.concurrent.ActorSystemProvider in application-akka.actor.default-dispatcher-9 - Shutdown application default Akka system: application
2016-01-23 13:04:17,212 [WARN] from application in application-akka.actor.default-dispatcher-2 - Logger configuration in conf files is deprecated and has no effect. Use a logback configuration file instead.
2016-01-23 13:04:17,344 [INFO] from play.api.libs.concurrent.ActorSystemProvider in application-akka.actor.default-dispatcher-2 - Starting application default Akka system: application
2016-01-23 13:04:17,481 [INFO] from play.api.Play$ in application-akka.actor.default-dispatcher-2 - Application started (Dev)
2016-01-23 13:05:09,879 [INFO] from play.api.libs.concurrent.ActorSystemProvider in application-akka.actor.default-dispatcher-7 - Shutdown application default Akka system: application
2016-01-23 13:05:09,978 [WARN] from application in application-akka.actor.default-dispatcher-5 - Logger configuration in conf files is deprecated and has no effect. Use a logback configuration file instead.
2016-01-23 13:05:10,110 [INFO] from play.api.libs.concurrent.ActorSystemProvider in application-akka.actor.default-dispatcher-5 - Starting application default Akka system: application
2016-01-23 13:05:10,241 [INFO] from play.api.Play$ in application-akka.actor.default-dispatcher-5 - Application started (Dev)
2016-01-23 13:07:38,358 [INFO] from play.api.libs.concurrent.ActorSystemProvider in application-akka.actor.default-dispatcher-7 - Shutdown application default Akka system: application
2016-01-23 13:07:38,445 [WARN] from application in application-akka.actor.default-dispatcher-2 - Logger configuration in conf files is deprecated and has no effect. Use a logback configuration file instead.
2016-01-23 13:07:38,552 [INFO] from play.api.libs.concurrent.ActorSystemProvider in application-akka.actor.default-dispatcher-2 - Starting application default Akka system: application
2016-01-23 13:07:38,665 [INFO] from play.api.Play$ in application-akka.actor.default-dispatcher-2 - Application started (Dev)
2016-01-23 13:13:56,782 [INFO] from play.api.libs.concurrent.ActorSystemProvider in application-akka.actor.default-dispatcher-7 - Shutdown application default Akka system: application
2016-01-23 13:13:56,879 [WARN] from application in application-akka.actor.default-dispatcher-4 - Logger configuration in conf files is deprecated and has no effect. Use a logback configuration file instead.
2016-01-23 13:13:56,999 [INFO] from play.api.libs.concurrent.ActorSystemProvider in application-akka.actor.default-dispatcher-4 - Starting application default Akka system: application
2016-01-23 13:13:57,116 [INFO] from play.api.Play$ in application-akka.actor.default-dispatcher-4 - Application started (Dev)
2016-01-23 13:15:01,668 [INFO] from play.api.libs.concurrent.ActorSystemProvider in application-akka.actor.default-dispatcher-10 - Shutdown application default Akka system: application
2016-01-23 13:15:01,756 [WARN] from application in application-akka.actor.default-dispatcher-4 - Logger configuration in conf files is deprecated and has no effect. Use a logback configuration file instead.
2016-01-23 13:15:01,845 [INFO] from play.api.libs.concurrent.ActorSystemProvider in application-akka.actor.default-dispatcher-4 - Starting application default Akka system: application
2016-01-23 13:15:01,981 [INFO] from play.api.Play$ in application-akka.actor.default-dispatcher-4 - Application started (Dev)
2016-01-23 13:28:51,088 [INFO] from play.api.libs.concurrent.ActorSystemProvider in application-akka.actor.default-dispatcher-10 - Shutdown application default Akka system: application
2016-01-23 13:28:51,220 [WARN] from application in application-akka.actor.default-dispatcher-6 - Logger configuration in conf files is deprecated and has no effect. Use a logback configuration file instead.
2016-01-23 13:28:51,388 [INFO] from play.api.libs.concurrent.ActorSystemProvider in application-akka.actor.default-dispatcher-6 - Starting application default Akka system: application
2016-01-23 13:28:51,567 [INFO] from play.api.Play$ in application-akka.actor.default-dispatcher-6 - Application started (Dev)
2016-01-23 13:29:22,561 [INFO] from play.api.libs.concurrent.ActorSystemProvider in application-akka.actor.default-dispatcher-3 - Shutdown application default Akka system: application
2016-01-23 13:29:22,671 [WARN] from application in application-akka.actor.default-dispatcher-6 - Logger configuration in conf files is deprecated and has no effect. Use a logback configuration file instead.
2016-01-23 13:29:22,773 [INFO] from play.api.libs.concurrent.ActorSystemProvider in application-akka.actor.default-dispatcher-6 - Starting application default Akka system: application
2016-01-23 13:29:22,896 [INFO] from play.api.Play$ in application-akka.actor.default-dispatcher-6 - Application started (Dev)
2016-01-23 13:32:09,565 [INFO] from play.api.libs.concurrent.ActorSystemProvider in application-akka.actor.default-dispatcher-10 - Shutdown application default Akka system: application
2016-01-23 13:32:14,655 [WARN] from application in application-akka.actor.default-dispatcher-5 - Logger configuration in conf files is deprecated and has no effect. Use a logback configuration file instead.
2016-01-23 13:32:14,758 [INFO] from play.api.libs.concurrent.ActorSystemProvider in application-akka.actor.default-dispatcher-5 - Starting application default Akka system: application
2016-01-23 13:32:14,867 [INFO] from play.api.Play$ in application-akka.actor.default-dispatcher-5 - Application started (Dev)
2016-01-23 13:32:37,794 [INFO] from play.api.libs.concurrent.ActorSystemProvider in application-akka.actor.default-dispatcher-2 - Shutdown application default Akka system: application
2016-01-23 13:32:37,886 [WARN] from application in application-akka.actor.default-dispatcher-5 - Logger configuration in conf files is deprecated and has no effect. Use a logback configuration file instead.
2016-01-23 13:32:37,994 [INFO] from play.api.libs.concurrent.ActorSystemProvider in application-akka.actor.default-dispatcher-5 - Starting application default Akka system: application
2016-01-23 13:32:38,144 [INFO] from play.api.Play$ in application-akka.actor.default-dispatcher-5 - Application started (Dev)
2016-01-23 13:32:52,903 [INFO] from play.api.libs.concurrent.ActorSystemProvider in application-akka.actor.default-dispatcher-2 - Shutdown application default Akka system: application
2016-01-23 13:32:53,031 [WARN] from application in application-akka.actor.default-dispatcher-8 - Logger configuration in conf files is deprecated and has no effect. Use a logback configuration file instead.
2016-01-23 13:32:53,142 [INFO] from play.api.libs.concurrent.ActorSystemProvider in application-akka.actor.default-dispatcher-8 - Starting application default Akka system: application
2016-01-23 13:32:53,279 [INFO] from play.api.Play$ in application-akka.actor.default-dispatcher-8 - Application started (Dev)
2016-01-23 13:48:05,778 [ERROR] from application in New I/O worker #5 - 

! @6op8co4h4 - Internal server error, for (GET) [/contact] ->
 
play.sbt.PlayExceptions$CompilationException: Compilation error[not found: value to]
	at play.sbt.PlayExceptions$CompilationException$.apply(PlayExceptions.scala:27) ~[na:na]
	at play.sbt.PlayExceptions$CompilationException$.apply(PlayExceptions.scala:27) ~[na:na]
	at scala.Option.map(Option.scala:145) ~[scala-library-2.11.6.jar:na]
	at play.sbt.run.PlayReload$$anonfun$taskFailureHandler$1.apply(PlayReload.scala:49) ~[na:na]
	at play.sbt.run.PlayReload$$anonfun$taskFailureHandler$1.apply(PlayReload.scala:44) ~[na:na]
	at scala.Option.map(Option.scala:145) ~[scala-library-2.11.6.jar:na]
	at play.sbt.run.PlayReload$.taskFailureHandler(PlayReload.scala:44) ~[na:na]
	at play.sbt.run.PlayReload$.compileFailure(PlayReload.scala:40) ~[na:na]
	at play.sbt.run.PlayReload$$anonfun$compile$1.apply(PlayReload.scala:17) ~[na:na]
	at play.sbt.run.PlayReload$$anonfun$compile$1.apply(PlayReload.scala:17) ~[na:na]
	at scala.util.Either$LeftProjection.map(Either.scala:377) ~[scala-library-2.11.6.jar:na]
	at play.sbt.run.PlayReload$.compile(PlayReload.scala:17) ~[na:na]
	at play.sbt.run.PlayRun$$anonfun$playRunTask$1$$anonfun$apply$2$$anonfun$apply$3$$anonfun$2.apply(PlayRun.scala:60) ~[na:na]
	at play.sbt.run.PlayRun$$anonfun$playRunTask$1$$anonfun$apply$2$$anonfun$apply$3$$anonfun$2.apply(PlayRun.scala:60) ~[na:na]
	at play.runsupport.Reloader.reload(Reloader.scala:305) ~[na:na]
	at play.core.server.DevServerStart$$anonfun$mainDev$1$$anon$1$$anonfun$get$1.apply(DevServerStart.scala:113) ~[play-server_2.11-2.4.0.jar:2.4.0]
	at play.core.server.DevServerStart$$anonfun$mainDev$1$$anon$1$$anonfun$get$1.apply(DevServerStart.scala:111) ~[play-server_2.11-2.4.0.jar:2.4.0]
	at scala.concurrent.impl.Future$PromiseCompletingRunnable.liftedTree1$1(Future.scala:24) ~[scala-library-2.11.6.jar:na]
	at scala.concurrent.impl.Future$PromiseCompletingRunnable.run(Future.scala:24) ~[scala-library-2.11.6.jar:na]
	at akka.dispatch.TaskInvocation.run(AbstractDispatcher.scala:40) ~[akka-actor_2.11-2.3.11.jar:na]
	at akka.dispatch.ForkJoinExecutorConfigurator$AkkaForkJoinTask.exec(AbstractDispatcher.scala:397) ~[akka-actor_2.11-2.3.11.jar:na]
	at scala.concurrent.forkjoin.ForkJoinTask.doExec(ForkJoinTask.java:260) ~[scala-library-2.11.6.jar:na]
	at scala.concurrent.forkjoin.ForkJoinPool$WorkQueue.runTask(ForkJoinPool.java:1339) ~[scala-library-2.11.6.jar:na]
	at scala.concurrent.forkjoin.ForkJoinPool.runWorker(ForkJoinPool.java:1979) ~[scala-library-2.11.6.jar:na]
	at scala.concurrent.forkjoin.ForkJoinWorkerThread.run(ForkJoinWorkerThread.java:107) ~[scala-library-2.11.6.jar:na]
2016-01-23 13:49:21,266 [INFO] from play.api.libs.concurrent.ActorSystemProvider in application-akka.actor.default-dispatcher-7 - Shutdown application default Akka system: application
2016-01-23 13:49:21,356 [WARN] from application in application-akka.actor.default-dispatcher-4 - Logger configuration in conf files is deprecated and has no effect. Use a logback configuration file instead.
2016-01-23 13:49:21,423 [INFO] from play.api.libs.concurrent.ActorSystemProvider in application-akka.actor.default-dispatcher-4 - Starting application default Akka system: application
2016-01-23 13:49:21,531 [INFO] from play.api.Play$ in application-akka.actor.default-dispatcher-4 - Application started (Dev)
2016-01-23 13:51:27,869 [INFO] from play.api.libs.concurrent.ActorSystemProvider in application-akka.actor.default-dispatcher-7 - Shutdown application default Akka system: application
2016-01-23 13:51:27,980 [WARN] from application in application-akka.actor.default-dispatcher-5 - Logger configuration in conf files is deprecated and has no effect. Use a logback configuration file instead.
2016-01-23 13:51:28,078 [INFO] from play.api.libs.concurrent.ActorSystemProvider in application-akka.actor.default-dispatcher-5 - Starting application default Akka system: application
2016-01-23 13:51:28,180 [INFO] from play.api.Play$ in application-akka.actor.default-dispatcher-5 - Application started (Dev)
2016-01-23 13:54:21,488 [INFO] from play.api.libs.concurrent.ActorSystemProvider in application-akka.actor.default-dispatcher-10 - Shutdown application default Akka system: application
2016-01-23 13:54:21,605 [WARN] from application in application-akka.actor.default-dispatcher-5 - Logger configuration in conf files is deprecated and has no effect. Use a logback configuration file instead.
2016-01-23 13:54:21,717 [INFO] from play.api.libs.concurrent.ActorSystemProvider in application-akka.actor.default-dispatcher-5 - Starting application default Akka system: application
2016-01-23 13:54:21,831 [INFO] from play.api.Play$ in application-akka.actor.default-dispatcher-5 - Application started (Dev)
2016-01-23 13:55:57,665 [INFO] from play.api.libs.concurrent.ActorSystemProvider in application-akka.actor.default-dispatcher-6 - Shutdown application default Akka system: application
2016-01-23 13:55:57,787 [WARN] from application in application-akka.actor.default-dispatcher-5 - Logger configuration in conf files is deprecated and has no effect. Use a logback configuration file instead.
2016-01-23 13:55:57,911 [INFO] from play.api.libs.concurrent.ActorSystemProvider in application-akka.actor.default-dispatcher-5 - Starting application default Akka system: application
2016-01-23 13:55:58,027 [INFO] from play.api.Play$ in application-akka.actor.default-dispatcher-5 - Application started (Dev)
2016-01-23 13:57:58,708 [INFO] from play.api.libs.concurrent.ActorSystemProvider in application-akka.actor.default-dispatcher-7 - Shutdown application default Akka system: application
2016-01-23 13:57:58,813 [WARN] from application in application-akka.actor.default-dispatcher-2 - Logger configuration in conf files is deprecated and has no effect. Use a logback configuration file instead.
2016-01-23 13:57:58,861 [INFO] from play.api.libs.concurrent.ActorSystemProvider in application-akka.actor.default-dispatcher-2 - Starting application default Akka system: application
2016-01-23 13:57:58,969 [INFO] from play.api.Play$ in application-akka.actor.default-dispatcher-2 - Application started (Dev)
2016-01-23 13:58:18,104 [INFO] from play.api.libs.concurrent.ActorSystemProvider in application-akka.actor.default-dispatcher-4 - Shutdown application default Akka system: application
2016-01-23 13:58:18,251 [WARN] from application in application-akka.actor.default-dispatcher-2 - Logger configuration in conf files is deprecated and has no effect. Use a logback configuration file instead.
2016-01-23 13:58:18,345 [INFO] from play.api.libs.concurrent.ActorSystemProvider in application-akka.actor.default-dispatcher-2 - Starting application default Akka system: application
2016-01-23 13:58:18,464 [INFO] from play.api.Play$ in application-akka.actor.default-dispatcher-2 - Application started (Dev)
2016-01-23 13:58:50,767 [INFO] from play.api.libs.concurrent.ActorSystemProvider in application-akka.actor.default-dispatcher-7 - Shutdown application default Akka system: application
2016-01-23 13:58:50,880 [WARN] from application in application-akka.actor.default-dispatcher-3 - Logger configuration in conf files is deprecated and has no effect. Use a logback configuration file instead.
2016-01-23 13:58:50,997 [INFO] from play.api.libs.concurrent.ActorSystemProvider in application-akka.actor.default-dispatcher-3 - Starting application default Akka system: application
2016-01-23 13:58:51,106 [INFO] from play.api.Play$ in application-akka.actor.default-dispatcher-3 - Application started (Dev)
2016-01-23 13:59:33,162 [INFO] from play.api.libs.concurrent.ActorSystemProvider in application-akka.actor.default-dispatcher-2 - Shutdown application default Akka system: application
2016-01-23 13:59:33,253 [WARN] from application in application-akka.actor.default-dispatcher-3 - Logger configuration in conf files is deprecated and has no effect. Use a logback configuration file instead.
2016-01-23 13:59:33,317 [INFO] from play.api.libs.concurrent.ActorSystemProvider in application-akka.actor.default-dispatcher-3 - Starting application default Akka system: application
2016-01-23 13:59:33,441 [INFO] from play.api.Play$ in application-akka.actor.default-dispatcher-3 - Application started (Dev)
2016-01-23 14:00:57,993 [INFO] from play.api.libs.concurrent.ActorSystemProvider in application-akka.actor.default-dispatcher-9 - Shutdown application default Akka system: application
2016-01-23 14:00:58,069 [WARN] from application in application-akka.actor.default-dispatcher-3 - Logger configuration in conf files is deprecated and has no effect. Use a logback configuration file instead.
2016-01-23 14:00:58,112 [INFO] from play.api.libs.concurrent.ActorSystemProvider in application-akka.actor.default-dispatcher-3 - Starting application default Akka system: application
2016-01-23 14:00:58,218 [INFO] from play.api.Play$ in application-akka.actor.default-dispatcher-3 - Application started (Dev)
2016-01-23 14:07:46,727 [INFO] from play.api.libs.concurrent.ActorSystemProvider in application-akka.actor.default-dispatcher-7 - Shutdown application default Akka system: application
2016-01-23 14:07:46,835 [WARN] from application in application-akka.actor.default-dispatcher-4 - Logger configuration in conf files is deprecated and has no effect. Use a logback configuration file instead.
2016-01-23 14:07:46,890 [INFO] from play.api.libs.concurrent.ActorSystemProvider in application-akka.actor.default-dispatcher-4 - Starting application default Akka system: application
2016-01-23 14:07:47,015 [INFO] from play.api.Play$ in application-akka.actor.default-dispatcher-4 - Application started (Dev)
2016-01-23 14:08:17,450 [INFO] from play.api.libs.concurrent.ActorSystemProvider in application-akka.actor.default-dispatcher-6 - Shutdown application default Akka system: application
2016-01-23 14:08:17,539 [WARN] from application in application-akka.actor.default-dispatcher-4 - Logger configuration in conf files is deprecated and has no effect. Use a logback configuration file instead.
2016-01-23 14:08:17,614 [INFO] from play.api.libs.concurrent.ActorSystemProvider in application-akka.actor.default-dispatcher-4 - Starting application default Akka system: application
2016-01-23 14:08:17,762 [INFO] from play.api.Play$ in application-akka.actor.default-dispatcher-4 - Application started (Dev)
2016-01-23 14:14:30,788 [INFO] from play.api.libs.concurrent.ActorSystemProvider in application-akka.actor.default-dispatcher-10 - Shutdown application default Akka system: application
2016-01-23 14:14:30,907 [WARN] from application in application-akka.actor.default-dispatcher-4 - Logger configuration in conf files is deprecated and has no effect. Use a logback configuration file instead.
2016-01-23 14:14:30,961 [INFO] from play.api.libs.concurrent.ActorSystemProvider in application-akka.actor.default-dispatcher-4 - Starting application default Akka system: application
2016-01-23 14:14:31,063 [INFO] from play.api.Play$ in application-akka.actor.default-dispatcher-4 - Application started (Dev)
2016-01-23 14:16:35,140 [INFO] from play.api.libs.concurrent.ActorSystemProvider in application-akka.actor.default-dispatcher-8 - Shutdown application default Akka system: application
2016-01-23 14:16:35,256 [WARN] from application in application-akka.actor.default-dispatcher-6 - Logger configuration in conf files is deprecated and has no effect. Use a logback configuration file instead.
2016-01-23 14:16:35,360 [INFO] from play.api.libs.concurrent.ActorSystemProvider in application-akka.actor.default-dispatcher-6 - Starting application default Akka system: application
2016-01-23 14:16:35,553 [INFO] from play.api.Play$ in application-akka.actor.default-dispatcher-6 - Application started (Dev)
2016-01-23 14:19:04,293 [INFO] from play.api.libs.concurrent.ActorSystemProvider in application-akka.actor.default-dispatcher-10 - Shutdown application default Akka system: application
2016-01-23 14:19:04,373 [WARN] from application in application-akka.actor.default-dispatcher-5 - Logger configuration in conf files is deprecated and has no effect. Use a logback configuration file instead.
2016-01-23 14:19:04,429 [INFO] from play.api.libs.concurrent.ActorSystemProvider in application-akka.actor.default-dispatcher-5 - Starting application default Akka system: application
2016-01-23 14:19:04,534 [INFO] from play.api.Play$ in application-akka.actor.default-dispatcher-5 - Application started (Dev)
2016-01-23 14:20:55,812 [INFO] from play.api.libs.concurrent.ActorSystemProvider in application-akka.actor.default-dispatcher-12 - Shutdown application default Akka system: application
2016-01-23 14:20:55,925 [WARN] from application in application-akka.actor.default-dispatcher-8 - Logger configuration in conf files is deprecated and has no effect. Use a logback configuration file instead.
2016-01-23 14:20:55,985 [INFO] from play.api.libs.concurrent.ActorSystemProvider in application-akka.actor.default-dispatcher-8 - Starting application default Akka system: application
2016-01-23 14:20:56,101 [INFO] from play.api.Play$ in application-akka.actor.default-dispatcher-8 - Application started (Dev)
2016-01-23 14:22:31,337 [INFO] from play.api.libs.concurrent.ActorSystemProvider in application-akka.actor.default-dispatcher-7 - Shutdown application default Akka system: application
2016-01-23 14:22:31,416 [WARN] from application in application-akka.actor.default-dispatcher-4 - Logger configuration in conf files is deprecated and has no effect. Use a logback configuration file instead.
2016-01-23 14:22:31,490 [INFO] from play.api.libs.concurrent.ActorSystemProvider in application-akka.actor.default-dispatcher-4 - Starting application default Akka system: application
2016-01-23 14:22:31,622 [INFO] from play.api.Play$ in application-akka.actor.default-dispatcher-4 - Application started (Dev)
